e6a3248c0727
*** Found local files:
***   * /opt/airflow/logs/dag_id=download_online_retail/run_id=manual__2024-06-27T14:01:44.728485+00:00/task_id=send_summary_email_task/attempt=1.log
[2024-06-27T14:02:09.889+0000] {taskinstance.py:1125} INFO - Dependencies all met for dep_context=non-requeueable deps ti=<TaskInstance: download_online_retail.send_summary_email_task manual__2024-06-27T14:01:44.728485+00:00 [queued]>
[2024-06-27T14:02:09.979+0000] {taskinstance.py:1125} INFO - Dependencies all met for dep_context=requeueable deps ti=<TaskInstance: download_online_retail.send_summary_email_task manual__2024-06-27T14:01:44.728485+00:00 [queued]>
[2024-06-27T14:02:09.981+0000] {taskinstance.py:1331} INFO - Starting attempt 1 of 2
[2024-06-27T14:02:09.990+0000] {taskinstance.py:1350} INFO - Executing <Task(PythonOperator): send_summary_email_task> on 2024-06-27 14:01:44.728485+00:00
[2024-06-27T14:02:09.993+0000] {standard_task_runner.py:57} INFO - Started process 98 to run task
[2024-06-27T14:02:09.996+0000] {standard_task_runner.py:84} INFO - Running: ['***', 'tasks', 'run', 'download_online_retail', 'send_summary_email_task', 'manual__2024-06-27T14:01:44.728485+00:00', '--job-id', '531', '--raw', '--subdir', 'DAGS_FOLDER/OnlineRetailAnalysize.py', '--cfg-path', '/tmp/tmp6tmd97dc']
[2024-06-27T14:02:09.997+0000] {standard_task_runner.py:85} INFO - Job 531: Subtask send_summary_email_task
[2024-06-27T14:02:10.031+0000] {task_command.py:410} INFO - Running <TaskInstance: download_online_retail.send_summary_email_task manual__2024-06-27T14:01:44.728485+00:00 [running]> on host e6a3248c0727
[2024-06-27T14:02:10.073+0000] {taskinstance.py:1570} INFO - Exporting env vars: AIRFLOW_CTX_DAG_EMAIL='jfcplayer66@googlemail.com' AIRFLOW_CTX_DAG_OWNER='***' AIRFLOW_CTX_DAG_ID='download_online_retail' AIRFLOW_CTX_TASK_ID='send_summary_email_task' AIRFLOW_CTX_EXECUTION_DATE='2024-06-27T14:01:44.728485+00:00' AIRFLOW_CTX_TRY_NUMBER='1' AIRFLOW_CTX_DAG_RUN_ID='manual__2024-06-27T14:01:44.728485+00:00'
[2024-06-27T14:02:10.080+0000] {warnings.py:110} WARNING - /home/***/.local/lib/python3.7/site-packages/***/utils/email.py:152: RemovedInAirflow3Warning: Fetching SMTP credentials from configuration variables will be deprecated in a future release. Please set credentials using a connection instead.
  send_mime_email(e_from=mail_from, e_to=recipients, mime_msg=msg, conn_id=conn_id, dryrun=dryrun)
[2024-06-27T14:02:10.080+0000] {email.py:268} INFO - Email alerting: attempt 1
[2024-06-27T14:02:10.601+0000] {email.py:280} INFO - Sent an alert email to ['jfcplayer66@googlemail.com']
[2024-06-27T14:02:11.647+0000] {python.py:183} INFO - Done. Returned value was: None
[2024-06-27T14:02:11.677+0000] {taskinstance.py:1373} INFO - Marking task as SUCCESS. dag_id=download_online_retail, task_id=send_summary_email_task, execution_date=20240627T140144, start_date=20240627T140209, end_date=20240627T140211
[2024-06-27T14:02:11.713+0000] {local_task_job_runner.py:232} INFO - Task exited with return code 0
[2024-06-27T14:02:11.735+0000] {taskinstance.py:2674} INFO - 1 downstream tasks scheduled from follow-on schedule check
